<?xml version="1.0" encoding="UTF-8"?>
<!-- Generated by org.testng.reporters.JUnitReportReporter -->
<testsuite hostname="LAPTOP-2GHFTTS4" failures="0" tests="1" name="com.mindtree.testobject.Bookstest" time="16.355" errors="0" timestamp="2021-11-17T15:33:59 IST" skipped="0">
  <testcase classname="com.mindtree.testobject.Bookstest" name="btest" time="16.355"/>
  <system-out/>
</testsuite> <!-- com.mindtree.testobject.Bookstest -->
