<?xml version="1.0" encoding="UTF-8"?>
<!-- Generated by org.testng.reporters.JUnitReportReporter -->
<testsuite hostname="LAPTOP-2GHFTTS4" failures="0" tests="1" name="com.mindtree.testobject.Mobilectest" time="17.511" errors="0" timestamp="2021-10-28T16:16:11 IST" skipped="0">
  <testcase classname="com.mindtree.testobject.Mobilectest" name="mobiletest" time="17.511"/>
  <system-out/>
</testsuite> <!-- com.mindtree.testobject.Mobilectest -->
