<?xml version="1.0" encoding="UTF-8"?>
<!-- Generated by org.testng.reporters.JUnitReportReporter -->
<testsuite hostname="LAPTOP-2GHFTTS4" failures="0" tests="1" name="com.mindtree.runner.testrunn" time="30.137" errors="0" timestamp="2021-10-28T19:15:47 IST" skipped="0">
  <testcase classname="com.mindtree.runner.testrunn" name="runScenario" time="30.137"/>
  <system-out/>
</testsuite> <!-- com.mindtree.runner.testrunn -->
