<?xml version="1.0" encoding="UTF-8"?>
<!-- Generated by org.testng.reporters.JUnitReportReporter -->
<testsuite hostname="LAPTOP-2GHFTTS4" failures="0" tests="1" name="com.mindtree.runner.testrunn" time="153.073" errors="0" timestamp="2021-11-18T17:56:12 IST" skipped="0">
  <testcase classname="com.mindtree.runner.testrunn" name="runScenario" time="153.073"/>
  <system-out/>
</testsuite> <!-- com.mindtree.runner.testrunn -->
